<?xml version="1.0" encoding="UTF-8"?>
<!-- Generated by org.testng.reporters.JUnitReportReporter -->
<testsuite hostname="DESKTOP-B6PQI5G" failures="0" tests="2" name="TestCases.OfferEmailSignupTest" time="93.715" errors="0" timestamp="2023-10-11T21:28:24 IST" skipped="0">
  <testcase classname="TestCases.OfferEmailSignupTest" name="ReEmailSignup" time="39.021"/>
  <system-out/>
  <testcase classname="TestCases.OfferEmailSignupTest" name="EmailSignup" time="54.694"/>
  <system-out/>
</testsuite> <!-- TestCases.OfferEmailSignupTest -->
