<?xml version="1.0" encoding="UTF-8"?>
<!-- Generated by org.testng.reporters.JUnitReportReporter -->
<testsuite hostname="DESKTOP-B6PQI5G" failures="0" tests="1" name="TestCases.SearchProductTest" time="16.420" errors="0" timestamp="2023-10-10T20:17:36 IST" skipped="0">
  <testcase classname="TestCases.SearchProductTest" name="searchTest" time="16.420"/>
  <system-out/>
</testsuite> <!-- TestCases.SearchProductTest -->
