<?xml version="1.0" encoding="UTF-8"?>
<!-- Generated by org.testng.reporters.JUnitReportReporter -->
<testsuite hostname="DESKTOP-B6PQI5G" failures="0" tests="2" name="TestCases.LoginWithBlankPasswordTest" time="53.720" errors="0" timestamp="2023-10-12T18:55:28 IST" skipped="0">
  <testcase classname="TestCases.LoginWithBlankPasswordTest" name="loginwithBlankEmail" time="37.212"/>
  <system-out/>
  <testcase classname="TestCases.LoginWithBlankPasswordTest" name="loginwithBlankPassword" time="16.508"/>
  <system-out/>
</testsuite> <!-- TestCases.LoginWithBlankPasswordTest -->
