<?xml version="1.0" encoding="UTF-8"?>
<!-- Generated by org.testng.reporters.JUnitReportReporter -->
<testsuite hostname="DESKTOP-B6PQI5G" failures="0" tests="1" name="TestCases.AddProductToCartTest" time="47.639" errors="0" timestamp="2023-10-12T18:55:28 IST" skipped="0">
  <testcase classname="TestCases.AddProductToCartTest" name="addtest" time="47.639"/>
  <system-out/>
</testsuite> <!-- TestCases.AddProductToCartTest -->
