<?xml version="1.0" encoding="UTF-8"?>
<!-- Generated by org.testng.reporters.JUnitReportReporter -->
<testsuite hostname="DESKTOP-B6PQI5G" failures="0" tests="1" name="TestCases.AddProductToWishListTest" time="41.331" errors="0" timestamp="2023-10-17T15:36:39 IST" skipped="0">
  <testcase classname="TestCases.AddProductToWishListTest" name="addProductTowisList" time="41.331"/>
  <system-out/>
</testsuite> <!-- TestCases.AddProductToWishListTest -->
