<?xml version="1.0" encoding="UTF-8"?>
<!-- Generated by org.testng.reporters.JUnitReportReporter -->
<testsuite hostname="DESKTOP-B6PQI5G" failures="0" tests="1" name="TestCases.SearchProductTest" time="13.087" errors="0" timestamp="2023-10-11T21:28:24 IST" skipped="0">
  <testcase classname="TestCases.SearchProductTest" name="searchTest" time="13.087"/>
  <system-out/>
</testsuite> <!-- TestCases.SearchProductTest -->
