<?xml version="1.0" encoding="UTF-8"?>
<!-- Generated by org.testng.reporters.JUnitReportReporter -->
<testsuite hostname="DESKTOP-B6PQI5G" failures="0" tests="2" name="CucumberOption.TestRunner" time="42.644" errors="0" timestamp="2023-10-14T18:01:45 IST" skipped="0">
  <testcase classname="CucumberOption.TestRunner" name="runScenario" time="27.952"/>
  <system-out/>
  <testcase classname="CucumberOption.TestRunner" name="runScenario" time="14.692"/>
  <system-out/>
</testsuite> <!-- CucumberOption.TestRunner -->
