<?xml version="1.0" encoding="UTF-8"?>
<!-- Generated by org.testng.reporters.JUnitReportReporter -->
<testsuite hostname="DESKTOP-B6PQI5G" failures="0" tests="1" name="TestCases.FeedbackTest" time="20.016" errors="0" timestamp="2023-10-12T18:07:02 IST" skipped="0">
  <testcase classname="TestCases.FeedbackTest" name="validFeedback" time="20.016"/>
  <system-out/>
</testsuite> <!-- TestCases.FeedbackTest -->
