<?xml version="1.0" encoding="UTF-8"?>
<!-- Generated by org.testng.reporters.JUnitReportReporter -->
<testsuite hostname="DESKTOP-B6PQI5G" failures="0" tests="1" name="TestCases.SingUpTest" time="46.273" errors="0" timestamp="2023-10-10T19:02:45 IST" skipped="0">
  <testcase classname="TestCases.SingUpTest" name="Signup1" time="46.273"/>
  <system-out/>
</testsuite> <!-- TestCases.SingUpTest -->
