<?xml version="1.0" encoding="UTF-8"?>
<!-- Generated by org.testng.reporters.JUnitReportReporter -->
<testsuite hostname="DESKTOP-B6PQI5G" failures="0" tests="2" name="TestCases.OfferEmailSignupTest" time="61.748" errors="0" timestamp="2023-10-12T18:55:28 IST" skipped="0">
  <testcase classname="TestCases.OfferEmailSignupTest" name="ReEmailSignup" time="22.211"/>
  <system-out/>
  <testcase classname="TestCases.OfferEmailSignupTest" name="EmailSignup" time="39.537"/>
  <system-out/>
</testsuite> <!-- TestCases.OfferEmailSignupTest -->
