<?xml version="1.0" encoding="UTF-8"?>
<!-- Generated by org.testng.reporters.JUnitReportReporter -->
<testsuite hostname="DESKTOP-B6PQI5G" failures="0" tests="1" name="TestCases.ValideLoginTest" time="17.709" errors="0" timestamp="2023-10-11T21:28:24 IST" skipped="0">
  <testcase classname="TestCases.ValideLoginTest" name="Login1" time="17.709"/>
  <system-out/>
</testsuite> <!-- TestCases.ValideLoginTest -->
