<?xml version="1.0" encoding="UTF-8"?>
<!-- Generated by org.testng.reporters.JUnitReportReporter -->
<testsuite hostname="DESKTOP-B6PQI5G" failures="0" tests="5" name="TestCases.SingUpTest" time="152.617" errors="0" timestamp="2023-10-12T18:55:28 IST" skipped="0">
  <testcase classname="TestCases.SingUpTest" name="signupWithoutFirstname" time="24.354"/>
  <system-out/>
  <testcase classname="TestCases.SingUpTest" name="signupWithoutLastname" time="50.572"/>
  <system-out/>
  <testcase classname="TestCases.SingUpTest" name="signupWithoutPassword" time="25.720"/>
  <system-out/>
  <testcase classname="TestCases.SingUpTest" name="signUpWithUserData" time="25.102"/>
  <system-out/>
  <testcase classname="TestCases.SingUpTest" name="signupWithoutEmail" time="26.869"/>
  <system-out/>
</testsuite> <!-- TestCases.SingUpTest -->
