<?xml version="1.0" encoding="UTF-8"?>
<!-- Generated by org.testng.reporters.JUnitReportReporter -->
<testsuite hostname="DESKTOP-B6PQI5G" failures="0" tests="1" name="TestCases.LoginTest" time="17.568" errors="0" timestamp="2023-10-10T19:08:40 IST" skipped="0">
  <testcase classname="TestCases.LoginTest" name="Login1" time="17.568"/>
  <system-out/>
</testsuite> <!-- TestCases.LoginTest -->
