<?xml version="1.0" encoding="UTF-8"?>
<!-- Generated by org.testng.reporters.JUnitReportReporter -->
<testsuite hostname="DESKTOP-B6PQI5G" failures="0" tests="1" name="TestCases.LoginWithBlankPasswordTest" time="28.642" errors="0" timestamp="2023-10-10T19:26:03 IST" skipped="0">
  <testcase classname="TestCases.LoginWithBlankPasswordTest" name="Login1" time="28.642"/>
  <system-out/>
</testsuite> <!-- TestCases.LoginWithBlankPasswordTest -->
