<?xml version="1.0" encoding="UTF-8"?>
<!-- Generated by org.testng.reporters.JUnitReportReporter -->
<testsuite hostname="DESKTOP-B6PQI5G" failures="0" tests="1" name="TestCases.SearchStoreTest" time="18.511" errors="0" timestamp="2023-10-10T21:25:00 IST" skipped="0">
  <testcase classname="TestCases.SearchStoreTest" name="store" time="18.511"/>
  <system-out/>
</testsuite> <!-- TestCases.SearchStoreTest -->
