<?xml version="1.0" encoding="UTF-8"?>
<!-- Generated by org.testng.reporters.JUnitReportReporter -->
<testsuite hostname="DESKTOP-B6PQI5G" failures="0" tests="1" name="TestCases.ValideLoginTest" time="16.058" errors="0" timestamp="2023-10-10T19:37:55 IST" skipped="0">
  <testcase classname="TestCases.ValideLoginTest" name="Login1" time="16.058"/>
  <system-out/>
</testsuite> <!-- TestCases.ValideLoginTest -->
