<?xml version="1.0" encoding="UTF-8"?>
<!-- Generated by org.testng.reporters.JUnitReportReporter -->
<testsuite hostname="DESKTOP-B6PQI5G" failures="0" tests="3" name="CucumberOption.TestRunner" time="76.163" errors="0" timestamp="2023-10-16T10:17:42 IST" skipped="0">
  <testcase classname="CucumberOption.TestRunner" name="runScenario" time="20.446"/>
  <system-out/>
  <testcase classname="CucumberOption.TestRunner" name="runScenario" time="20.618"/>
  <system-out/>
  <testcase classname="CucumberOption.TestRunner" name="runScenario" time="35.099"/>
  <system-out/>
</testsuite> <!-- CucumberOption.TestRunner -->
