<?xml version="1.0" encoding="UTF-8"?>
<!-- Generated by org.testng.reporters.JUnitReportReporter -->
<testsuite hostname="DESKTOP-B6PQI5G" failures="0" tests="2" name="TestCases.LoginWithBlankPasswordTest" time="39.262" errors="0" timestamp="2023-10-17T15:36:39 IST" skipped="0">
  <testcase classname="TestCases.LoginWithBlankPasswordTest" name="loginwithBlankPassword" time="21.457"/>
  <system-out/>
  <testcase classname="TestCases.LoginWithBlankPasswordTest" name="loginwithBlankEmail" time="17.805"/>
  <system-out/>
</testsuite> <!-- TestCases.LoginWithBlankPasswordTest -->
