<?xml version="1.0" encoding="UTF-8"?>
<!-- Generated by org.testng.reporters.JUnitReportReporter -->
<testsuite hostname="DESKTOP-B6PQI5G" failures="0" tests="5" name="TestCases.SingUpTest" time="193.113" errors="0" timestamp="2023-10-16T21:41:35 IST" skipped="0">
  <testcase classname="TestCases.SingUpTest" name="signupWithoutPassword" time="34.284"/>
  <system-out/>
  <testcase classname="TestCases.SingUpTest" name="signUpWithUserData" time="35.812"/>
  <system-out/>
  <testcase classname="TestCases.SingUpTest" name="signupWithoutLastname" time="34.976"/>
  <system-out/>
  <testcase classname="TestCases.SingUpTest" name="signupWithoutFirstname" time="54.524"/>
  <system-out/>
  <testcase classname="TestCases.SingUpTest" name="signupWithoutEmail" time="33.517"/>
  <system-out/>
</testsuite> <!-- TestCases.SingUpTest -->
